<?xml version="1.0" encoding="UTF-8"?>
<!-- Generated by org.testng.reporters.JUnitReportReporter -->
<testsuite name="com.urqa.restAsssured.RestAssuredTest" tests="4" time="12.851" ignored="0" failures="0" timestamp="26 Nov 2018 18:17:38 GMT" skipped="0" hostname="Utkarsh" errors="0">
  <testcase name="getCallWithoutParam" time="1.136" classname="com.urqa.restAsssured.RestAssuredTest"/>
  <testcase name="getCallExp2" time="0.794" classname="com.urqa.restAsssured.RestAssuredTest"/>
  <testcase name="getCall" time="6.127" classname="com.urqa.restAsssured.RestAssuredTest"/>
  <testcase name="getCallDelayedResponse" time="4.794" classname="com.urqa.restAsssured.RestAssuredTest"/>
</testsuite> <!-- com.urqa.restAsssured.RestAssuredTest -->
