<?xml version="1.0" encoding="UTF-8"?>
<!-- Generated by org.testng.reporters.JUnitReportReporter -->
<testsuite name="com.urqa.restAsssured.RestAssuredPostCallTest" tests="1" time="4.652" ignored="0" failures="0" timestamp="26 Nov 2018 19:24:06 GMT" skipped="0" hostname="Utkarsh" errors="0">
  <testcase name="postCallTest" time="4.652" classname="com.urqa.restAsssured.RestAssuredPostCallTest"/>
</testsuite> <!-- com.urqa.restAsssured.RestAssuredPostCallTest -->
